# JRE version: OpenJDK Runtime Environment (8.0_242-b01) (build 1.8.0_242-release-1644-b01)
# Java VM: OpenJDK 64-Bit Server VM (25.242-b01 mixed mode windows-amd64 compressed oops)
Heap:
 PSYoungGen      total 231936K, used 198825K [0x00000000e0000000, 0x00000000f0a00000, 0x0000000100000000)
  eden space 215040K, 84% used [0x00000000e0000000,0x00000000eb21a680,0x00000000ed200000)
  from space 16896K, 97% used [0x00000000ed980000,0x00000000ee98ff28,0x00000000eea00000)
  to   space 28672K, 0% used [0x00000000eee00000,0x00000000eee00000,0x00000000f0a00000)
 ParOldGen       total 134656K, used 54456K [0x00000000a0000000, 0x00000000a8380000, 0x00000000e0000000)
  object space 134656K, 40% used [0x00000000a0000000,0x00000000a352e300,0x00000000a8380000)
 Metaspace       used 88967K, capacity 92762K, committed 92976K, reserved 1130496K
  class space    used 11443K, capacity 12277K, committed 12336K, reserved 1048576K
GC Heap History (10 events):
Event: 32.087 GC heap before
{Heap before GC invocations=16 (full 3):
 PSYoungGen      total 174592K, used 158720K [0x00000000e0000000, 0x00000000ed900000, 0x0000000100000000)
  eden space 158720K, 100% used [0x00000000e0000000,0x00000000e9b00000,0x00000000e9b00000)
  from space 15872K, 0% used [0x00000000eae80000,0x00000000eae80000,0x00000000ebe00000)
  to   space 19968K, 0% used [0x00000000e9b00000,0x00000000e9b00000,0x00000000eae80000)
 ParOldGen       total 134656K, used 34451K [0x00000000a0000000, 0x00000000a8380000, 0x00000000e0000000)
  object space 134656K, 25% used [0x00000000a0000000,0x00000000a21a4ff8,0x00000000a8380000)
 Metaspace       used 63312K, capacity 65560K, committed 65712K, reserved 1105920K
  class space    used 8556K, capacity 9020K, committed 9136K, reserved 1048576K
Event: 32.118 GC heap after
Heap after GC invocations=16 (full 3):
 PSYoungGen      total 178688K, used 12221K [0x00000000e0000000, 0x00000000ee680000, 0x0000000100000000)
  eden space 158720K, 0% used [0x00000000e0000000,0x00000000e0000000,0x00000000e9b00000)
  from space 19968K, 61% used [0x00000000e9b00000,0x00000000ea6ef598,0x00000000eae80000)
  to   space 19968K, 0% used [0x00000000ed300000,0x00000000ed300000,0x00000000ee680000)
 ParOldGen       total 134656K, used 34459K [0x00000000a0000000, 0x00000000a8380000, 0x00000000e0000000)
  object space 134656K, 25% used [0x00000000a0000000,0x00000000a21a6ff8,0x00000000a8380000)
 Metaspace       used 63312K, capacity 65560K, committed 65712K, reserved 1105920K
  class space    used 8556K, capacity 9020K, committed 9136K, reserved 1048576K
}
Event: 38.396 GC heap before
{Heap before GC invocations=17 (full 3):
 PSYoungGen      total 178688K, used 170941K [0x00000000e0000000, 0x00000000ee680000, 0x0000000100000000)
  eden space 158720K, 100% used [0x00000000e0000000,0x00000000e9b00000,0x00000000e9b00000)
  from space 19968K, 61% used [0x00000000e9b00000,0x00000000ea6ef598,0x00000000eae80000)
  to   space 19968K, 0% used [0x00000000ed300000,0x00000000ed300000,0x00000000ee680000)
 ParOldGen       total 134656K, used 34459K [0x00000000a0000000, 0x00000000a8380000, 0x00000000e0000000)
  object space 134656K, 25% used [0x00000000a0000000,0x00000000a21a6ff8,0x00000000a8380000)
 Metaspace       used 71403K, capacity 74082K, committed 74288K, reserved 1114112K
  class space    used 9671K, capacity 10228K, committed 10288K, reserved 1048576K
Event: 38.449 GC heap after
Heap after GC invocations=17 (full 3):
 PSYoungGen      total 212992K, used 19900K [0x00000000e0000000, 0x00000000ee880000, 0x0000000100000000)
  eden space 193024K, 0% used [0x00000000e0000000,0x00000000e0000000,0x00000000ebc80000)
  from space 19968K, 99% used [0x00000000ed300000,0x00000000ee66f288,0x00000000ee680000)
  to   space 22528K, 0% used [0x00000000ebc80000,0x00000000ebc80000,0x00000000ed280000)
 ParOldGen       total 134656K, used 34467K [0x00000000a0000000, 0x00000000a8380000, 0x00000000e0000000)
  object space 134656K, 25% used [0x00000000a0000000,0x00000000a21a8ff8,0x00000000a8380000)
 Metaspace       used 71403K, capacity 74082K, committed 74288K, reserved 1114112K
  class space    used 9671K, capacity 10228K, committed 10288K, reserved 1048576K
}
Event: 59.190 GC heap before
{Heap before GC invocations=18 (full 3):
 PSYoungGen      total 212992K, used 212924K [0x00000000e0000000, 0x00000000ee880000, 0x0000000100000000)
  eden space 193024K, 100% used [0x00000000e0000000,0x00000000ebc80000,0x00000000ebc80000)
  from space 19968K, 99% used [0x00000000ed300000,0x00000000ee66f288,0x00000000ee680000)
  to   space 22528K, 0% used [0x00000000ebc80000,0x00000000ebc80000,0x00000000ed280000)
 ParOldGen       total 134656K, used 34467K [0x00000000a0000000, 0x00000000a8380000, 0x00000000e0000000)
  object space 134656K, 25% used [0x00000000a0000000,0x00000000a21a8ff8,0x00000000a8380000)
 Metaspace       used 78955K, capacity 82002K, committed 82352K, reserved 1120256K
  class space    used 10477K, capacity 11095K, committed 11184K, reserved 1048576K
Event: 59.276 GC heap after
Heap after GC invocations=18 (full 3):
 PSYoungGen      total 215552K, used 22525K [0x00000000e0000000, 0x00000000f1800000, 0x0000000100000000)
  eden space 193024K, 0% used [0x00000000e0000000,0x00000000e0000000,0x00000000ebc80000)
  from space 22528K, 99% used [0x00000000ebc80000,0x00000000ed27f7a0,0x00000000ed280000)
  to   space 28672K, 0% used [0x00000000efc00000,0x00000000efc00000,0x00000000f1800000)
 ParOldGen       total 134656K, used 41579K [0x00000000a0000000, 0x00000000a8380000, 0x00000000e0000000)
  object space 134656K, 30% used [0x00000000a0000000,0x00000000a289afc0,0x00000000a8380000)
 Metaspace       used 78955K, capacity 82002K, committed 82352K, reserved 1120256K
  class space    used 10477K, capacity 11095K, committed 11184K, reserved 1048576K
}
Event: 6656.260 GC heap before
{Heap before GC invocations=19 (full 3):
 PSYoungGen      total 215552K, used 215549K [0x00000000e0000000, 0x00000000f1800000, 0x0000000100000000)
  eden space 193024K, 100% used [0x00000000e0000000,0x00000000ebc80000,0x00000000ebc80000)
  from space 22528K, 99% used [0x00000000ebc80000,0x00000000ed27f7a0,0x00000000ed280000)
  to   space 28672K, 0% used [0x00000000efc00000,0x00000000efc00000,0x00000000f1800000)
 ParOldGen       total 134656K, used 41579K [0x00000000a0000000, 0x00000000a8380000, 0x00000000e0000000)
  object space 134656K, 30% used [0x00000000a0000000,0x00000000a289afc0,0x00000000a8380000)
 Metaspace       used 84249K, capacity 87714K, committed 87984K, reserved 1126400K
  class space    used 10912K, capacity 11625K, committed 11696K, reserved 1048576K
Event: 6656.401 GC heap after
Heap after GC invocations=19 (full 3):
 PSYoungGen      total 245760K, used 19197K [0x00000000e0000000, 0x00000000f1280000, 0x0000000100000000)
  eden space 222720K, 0% used [0x00000000e0000000,0x00000000e0000000,0x00000000ed980000)
  from space 23040K, 83% used [0x00000000efc00000,0x00000000f0ebf5f8,0x00000000f1280000)
  to   space 29184K, 0% used [0x00000000ed980000,0x00000000ed980000,0x00000000ef600000)
 ParOldGen       total 134656K, used 54448K [0x00000000a0000000, 0x00000000a8380000, 0x00000000e0000000)
  object space 134656K, 40% used [0x00000000a0000000,0x00000000a352c300,0x00000000a8380000)
 Metaspace       used 84249K, capacity 87714K, committed 87984K, reserved 1126400K
  class space    used 10912K, capacity 11625K, committed 11696K, reserved 1048576K
}
Event: 6672.311 GC heap before
{Heap before GC invocations=20 (full 3):
 PSYoungGen      total 245760K, used 241917K [0x00000000e0000000, 0x00000000f1280000, 0x0000000100000000)
  eden space 222720K, 100% used [0x00000000e0000000,0x00000000ed980000,0x00000000ed980000)
  from space 23040K, 83% used [0x00000000efc00000,0x00000000f0ebf5f8,0x00000000f1280000)
  to   space 29184K, 0% used [0x00000000ed980000,0x00000000ed980000,0x00000000ef600000)
 ParOldGen       total 134656K, used 54448K [0x00000000a0000000, 0x00000000a8380000, 0x00000000e0000000)
  object space 134656K, 40% used [0x00000000a0000000,0x00000000a352c300,0x00000000a8380000)
 Metaspace       used 86847K, capacity 90356K, committed 90544K, reserved 1128448K
  class space    used 11202K, capacity 11920K, committed 11952K, reserved 1048576K
Event: 6672.397 GC heap after
Heap after GC invocations=20 (full 3):
 PSYoungGen      total 231936K, used 16447K [0x00000000e0000000, 0x00000000f0a00000, 0x0000000100000000)
  eden space 215040K, 0% used [0x00000000e0000000,0x00000000e0000000,0x00000000ed200000)
  from space 16896K, 97% used [0x00000000ed980000,0x00000000ee98ff28,0x00000000eea00000)
  to   space 28672K, 0% used [0x00000000eee00000,0x00000000eee00000,0x00000000f0a00000)
 ParOldGen       total 134656K, used 54456K [0x00000000a0000000, 0x00000000a8380000, 0x00000000e0000000)
  object space 134656K, 40% used [0x00000000a0000000,0x00000000a352e300,0x00000000a8380000)
 Metaspace       used 86847K, capacity 90356K, committed 90544K, reserved 1128448K
  class space    used 11202K, capacity 11920K, committed 11952K, reserved 1048576K
}

